Sending build context to Docker daemon  18.98MB
Step 1/7 : FROM node:18
 ---> 1e1630023fbd
Step 2/7 : RUN apt-get update -y
 ---> Using cache
 ---> 8cf813b723a7
Step 3/7 : RUN apt-get install git -y
 ---> Using cache
 ---> a53f70b3c229
Step 4/7 : RUN git clone https://github.com/loprych/node-js-tests-sample
 ---> Using cache
 ---> 11a9e13f2761
Step 5/7 : WORKDIR /node-js-tests-sample
 ---> Using cache
 ---> 294cd0653be9
Step 6/7 : RUN npm install
 ---> Running in 4ca578343cbd
[91mnpm[0m[91m ERR! code EJSONPARSE
[0m[91mnpm ERR! path /node-js-tests-sample/package.json
[0m[91mnpm ERR! JSON.parse Unexpected string in JSON at position 222 while parsing near "...\"test\": \"mocha\"\n    \"start\": \"node src/i..."
[0m[91mnpm ERR! JSON.parse Failed to parse JSON data.
npm ERR! JSON.parse Note: package.json must be actual JSON, not just JavaScript.
[0m[91m
npm ERR! A complete log of this run can be found in: /root/.npm/_logs/2024-04-29T11_45_40_672Z-debug-0.log
[0m